


materialPath: E:\Spiele\Steam\steamapps\common\Counter-Strike Global Offensive\csgo\materials
Loading c:\users\fabex\documents\github\moritzmap\moritzhouse.vmf
Map revision 3
fixing up env_cubemap materials on brush sides...
0...1...2...3...4...5...6...7...8...9...10**** leaked ****
Entity info_player_terrorist (-752.49 454.29 138.00) leaked!
Processing areas...done (0)
Building Faces...done (0)
FixTjuncs...
PruneNodes...
WriteBSP...
done (0)
Finding displacement neighbors...
Finding lightmap sample positions...
Displacement Alpha : 0...1...2...3...4...5...6...7...8...9...10
Building Physics collision data...
done (0) (575 bytes)
Placing detail props : 0...1...2...3...4...5...6...7...8...9...10
Compacting texture/material tables...
Reduced 3 texinfos to 3
Reduced 1 texdatas to 1 (20 bytes to 20)
Writing c:\users\fabex\documents\github\moritzmap\moritzhouse.bsp
MSG_FILEWRITE - Filesystem was asked to write to 'c:\users\fabex\documents\github\moritzmap\moritzhouse.bsp', but we don't own that location. Allowing...
0 seconds elapsed



8 threads
reading c:\users\fabex\documents\github\moritzmap\moritzhouse.bsp
reading c:\users\fabex\documents\github\moritzmap\moritzhouse.prt
LoadPortals: couldn't read c:\users\fabex\documents\github\moritzmap\moritzhouse.prt



materialPath: E:\Spiele\Steam\steamapps\common\Counter-Strike Global Offensive\csgo\materials
Loading c:\users\fabex\documents\github\moritzmap\moritzhouse.vmf
Map revision 4
fixing up env_cubemap materials on brush sides...
0...1...2...3...4...5...6...7...8...9...10**** leaked ****
Entity info_player_terrorist (-704.00 454.29 192.00) leaked!
Processing areas...done (0)
Building Faces...done (0)
FixTjuncs...
PruneNodes...
WriteBSP...
done (0)
Finding displacement neighbors...
Finding lightmap sample positions...
Displacement Alpha : 0...1...2...3...4...5...6...7...8...9...10
Building Physics collision data...
done (0) (575 bytes)
Placing detail props : 0...1...2...3...4...5...6...7...8...9...10
Compacting texture/material tables...
Reduced 3 texinfos to 3
Reduced 1 texdatas to 1 (20 bytes to 20)
Writing c:\users\fabex\documents\github\moritzmap\moritzhouse.bsp
MSG_FILEWRITE - Filesystem was asked to write to 'c:\users\fabex\documents\github\moritzmap\moritzhouse.bsp', but we don't own that location. Allowing...
0 seconds elapsed



8 threads
reading c:\users\fabex\documents\github\moritzmap\moritzhouse.bsp
reading c:\users\fabex\documents\github\moritzmap\moritzhouse.prt
LoadPortals: couldn't read c:\users\fabex\documents\github\moritzmap\moritzhouse.prt



materialPath: E:\Spiele\Steam\steamapps\common\Counter-Strike Global Offensive\csgo\materials
Loading c:\users\fabex\documents\github\moritzmap\moritzhouse.vmf
Map revision 4
fixing up env_cubemap materials on brush sides...
0...1...2...3...4...5...6...7...8...9...10**** leaked ****
Entity info_player_terrorist (-704.00 454.29 192.00) leaked!
Processing areas...done (0)
Building Faces...done (0)
FixTjuncs...
PruneNodes...
WriteBSP...
done (0)
Finding displacement neighbors...
Finding lightmap sample positions...
Displacement Alpha : 0...1...2...3...4...5...6...7...8...9...10
Building Physics collision data...
done (0) (575 bytes)
Placing detail props : 0...1...2...3...4...5...6...7...8...9...10
Compacting texture/material tables...
Reduced 3 texinfos to 3
Reduced 1 texdatas to 1 (20 bytes to 20)
Writing c:\users\fabex\documents\github\moritzmap\moritzhouse.bsp
MSG_FILEWRITE - Filesystem was asked to write to 'c:\users\fabex\documents\github\moritzmap\moritzhouse.bsp', but we don't own that location. Allowing...
0 seconds elapsed



materialPath: E:\Spiele\Steam\steamapps\common\Counter-Strike Global Offensive\csgo\materials
Loading c:\users\fabex\documents\github\moritzmap\moritzhouse.vmf
Map revision 4
fixing up env_cubemap materials on brush sides...
0...1...2...3...4...5...6...7...8...9...10**** leaked ****
Entity info_player_terrorist (-704.00 454.29 192.00) leaked!
Processing areas...done (0)
Building Faces...done (0)
FixTjuncs...
PruneNodes...
WriteBSP...
done (0)
Finding displacement neighbors...
Finding lightmap sample positions...
Displacement Alpha : 0...1...2...3...4...5...6...7...8...9...10
Building Physics collision data...
done (0) (575 bytes)
Placing detail props : 0...1...2...3...4...5...6...7...8...9...10
Compacting texture/material tables...
Reduced 3 texinfos to 3
Reduced 1 texdatas to 1 (20 bytes to 20)
Writing c:\users\fabex\documents\github\moritzmap\moritzhouse.bsp
MSG_FILEWRITE - Filesystem was asked to write to 'c:\users\fabex\documents\github\moritzmap\moritzhouse.bsp', but we don't own that location. Allowing...
0 seconds elapsed



8 threads
reading c:\users\fabex\documents\github\moritzmap\moritzhouse.bsp
reading c:\users\fabex\documents\github\moritzmap\moritzhouse.prt
LoadPortals: couldn't read c:\users\fabex\documents\github\moritzmap\moritzhouse.prt



materialPath: E:\Spiele\Steam\steamapps\common\Counter-Strike Global Offensive\csgo\materials
Loading c:\users\fabex\documents\github\moritzmap\moritzhouse.vmf
Map revision 5
fixing up env_cubemap materials on brush sides...
0...1...2...3...4...5...6...7...8...9...10**** leaked ****
Entity info_player_terrorist (-704.00 454.29 128.00) leaked!
Processing areas...done (0)
Building Faces...done (0)
FixTjuncs...
PruneNodes...
WriteBSP...
done (0)
Finding displacement neighbors...
Finding lightmap sample positions...
Displacement Alpha : 0...1...2...3...4...5...6...7...8...9...10
Building Physics collision data...
done (0) (575 bytes)
Placing detail props : 0...1...2...3...4...5...6...7...8...9...10
Compacting texture/material tables...
Reduced 3 texinfos to 3
Reduced 1 texdatas to 1 (20 bytes to 20)
Writing c:\users\fabex\documents\github\moritzmap\moritzhouse.bsp
MSG_FILEWRITE - Filesystem was asked to write to 'c:\users\fabex\documents\github\moritzmap\moritzhouse.bsp', but we don't own that location. Allowing...
0 seconds elapsed



8 threads
reading c:\users\fabex\documents\github\moritzmap\moritzhouse.bsp
reading c:\users\fabex\documents\github\moritzmap\moritzhouse.prt
LoadPortals: couldn't read c:\users\fabex\documents\github\moritzmap\moritzhouse.prt



materialPath: E:\Spiele\Steam\steamapps\common\Counter-Strike Global Offensive\csgo\materials
Loading c:\users\fabex\documents\github\moritzmap\moritzhouse.vmf
Map revision 6
fixing up env_cubemap materials on brush sides...
0...1...2...3...4...5...6...7...8...9...10**** leaked ****
Processing areas...done (0)
Building Faces...done (0)
FixTjuncs...
PruneNodes...
WriteBSP...
done (0)
Finding displacement neighbors...
Finding lightmap sample positions...
Displacement Alpha : 0...1...2...3...4...5...6...7...8...9...10
Building Physics collision data...
done (0) (575 bytes)
Placing detail props : 0...1...2...3...4...5...6...7...8...9...10
Compacting texture/material tables...
Reduced 3 texinfos to 3
Reduced 1 texdatas to 1 (20 bytes to 20)
Writing c:\users\fabex\documents\github\moritzmap\moritzhouse.bsp
MSG_FILEWRITE - Filesystem was asked to write to 'c:\users\fabex\documents\github\moritzmap\moritzhouse.bsp', but we don't own that location. Allowing...
0 seconds elapsed



8 threads
reading c:\users\fabex\documents\github\moritzmap\moritzhouse.bsp
reading c:\users\fabex\documents\github\moritzmap\moritzhouse.prt
LoadPortals: couldn't read c:\users\fabex\documents\github\moritzmap\moritzhouse.prt



materialPath: E:\Spiele\Steam\steamapps\common\Counter-Strike Global Offensive\csgo\materials
Loading c:\users\fabex\documents\github\moritzmap\moritzhouse.vmf
Map revision 7
fixing up env_cubemap materials on brush sides...
Finding displacement neighbors...
Finding lightmap sample positions...
Displacement Alpha : 0...1...2...3...4...5...6...7...8...9...10
Building Physics collision data...
done (0) (16 bytes)
Placing detail props : 0...1...2...3...4...5...6...7...8...9...10
Compacting texture/material tables...
Reduced 0 texinfos to 0
Reduced 0 texdatas to 0 (0 bytes to 0)
Writing c:\users\fabex\documents\github\moritzmap\moritzhouse.bsp
MSG_FILEWRITE - Filesystem was asked to write to 'c:\users\fabex\documents\github\moritzmap\moritzhouse.bsp', but we don't own that location. Allowing...
0 seconds elapsed



8 threads
reading c:\users\fabex\documents\github\moritzmap\moritzhouse.bsp
Empty map


materialPath: E:\Spiele\Steam\steamapps\common\Counter-Strike Global Offensive\csgo\materials
Loading c:\users\fabex\documents\github\moritzmap\moritzhouse.vmf
Map revision 8
fixing up env_cubemap materials on brush sides...
0...1...2...3...4...5...6...7...8...9...10**** leaked ****
Processing areas...done (0)
Building Faces...done (0)
FixTjuncs...
PruneNodes...
WriteBSP...
done (0)
Finding displacement neighbors...
Finding lightmap sample positions...
Displacement Alpha : 0...1...2...3...4...5...6...7...8...9...10
Building Physics collision data...
done (0) (575 bytes)
Placing detail props : 0...1...2...3...4...5...6...7...8...9...10
Compacting texture/material tables...
Reduced 3 texinfos to 3
Reduced 1 texdatas to 1 (20 bytes to 20)
Writing c:\users\fabex\documents\github\moritzmap\moritzhouse.bsp
MSG_FILEWRITE - Filesystem was asked to write to 'c:\users\fabex\documents\github\moritzmap\moritzhouse.bsp', but we don't own that location. Allowing...
0 seconds elapsed



8 threads
reading c:\users\fabex\documents\github\moritzmap\moritzhouse.bsp
reading c:\users\fabex\documents\github\moritzmap\moritzhouse.prt
LoadPortals: couldn't read c:\users\fabex\documents\github\moritzmap\moritzhouse.prt



materialPath: E:\Spiele\Steam\steamapps\common\Counter-Strike Global Offensive\csgo\materials
Loading c:\users\fabex\documents\github\moritzmap\moritzhouse.vmf
Map revision 9
fixing up env_cubemap materials on brush sides...
0...1...2...3...4...5...6...7...8...9...100...1...2...3...4...5...6...7...8...9...10Processing areas...done (0)
Building Faces...done (0)
FixTjuncs...
PruneNodes...
WriteBSP...
done (0)
writing c:\users\fabex\documents\github\moritzmap\moritzhouse.prt...Building visibility clusters...
AutoVisClustering (threshold=-1) matched 0 leafs.
done (0)
Finding displacement neighbors...
Finding lightmap sample positions...
Displacement Alpha : 0...1...2...3...4...5...6...7...8...9...10
Building Physics collision data...
done (0) (2279 bytes)
Placing detail props : 0...1...2...3...4...5...6...7...8...9...10
Compacting texture/material tables...
Reduced 3 texinfos to 3
Reduced 1 texdatas to 1 (20 bytes to 20)
Writing c:\users\fabex\documents\github\moritzmap\moritzhouse.bsp
MSG_FILEWRITE - Filesystem was asked to write to 'c:\users\fabex\documents\github\moritzmap\moritzhouse.bsp', but we don't own that location. Allowing...
0 seconds elapsed



8 threads
reading c:\users\fabex\documents\github\moritzmap\moritzhouse.bsp
reading c:\users\fabex\documents\github\moritzmap\moritzhouse.prt
  15 portalclusters
  22 numportals
0...1...2...3...4...5...6...7...8...9...100...1...2...3...4...5...6...7...8...9...10Optimized: 0 visible clusters (0.00%)
Total clusters visible: 225
Average clusters visible: 15
Building PAS...
Average clusters audible: 15
visdatasize:184  compressed from 240
writing c:\users\fabex\documents\github\moritzmap\moritzhouse.bsp
MSG_FILEWRITE - Filesystem was asked to write to 'c:\users\fabex\documents\github\moritzmap\moritzhouse.bsp', but we don't own that location. Allowing...
0 seconds elapsed



[Reading texlights from 'lights.rad']
[17 texlights parsed from 'lights.rad']

Loading c:\users\fabex\documents\github\moritzmap\moritzhouse.bsp
190 faces
110972 square feet [15980032.00 square inches]
0 Displacements
0 Square Feet [0.00 Square Inches]
190 patches before subdivision
9658 patches after subdivision
0 direct lights
0...1...2...3...4...5...6...7...8...9...100...1...2...3...4...5...6...7...8...9...10transfers 1676164, max 484
transfer lists:  12.8 megs
0...1...2...3...4...5...6...7...8...9...10	Bounce #1 added RGB(0, 0, 0)
Build Patch/Sample Hash Table(s).....Done<0.0031 sec>
0...1...2...3...4...5...6...7...8...9...10FinalLightFace Done
0 of 0 (0% of) surface lights went in leaf ambient cubes.
0...1...2...3...4...5...6...7...8...9...10Writing leaf ambient...done
Ready to Finish

Object names       Objects/Maxobjs  Memory / Maxmem  Fullness 
------------       ---------------  ---------------  -------- 
models                   1/1024           48/49152    ( 0.1%) 
brushes                  6/8192           72/98304    ( 0.1%) 
brushsides              36/81920         288/655360   ( 0.0%) 
planes                  48/65536         960/1310720  ( 0.1%) 
vertexes               233/65536        2796/786432   ( 0.4%) 
nodes                   73/65536        2336/2097152  ( 0.1%) 
texinfos                 3/12288         216/884736   ( 0.0%) 
texdata                  1/4096           32/131072   ( 0.0%) 
dispinfos                0/0               0/0        ( 0.0%) 
disp_verts               0/0               0/0        ( 0.0%) 
disp_tris                0/0               0/0        ( 0.0%) 
disp_multiblend          0/0               0/0        ( 0.0%) 
disp_lmsamples           0/0               0/0        ( 0.0%) 
faces                  190/65536       10640/3670016  ( 0.3%) 
hdr faces              190/65536       10640/3670016  ( 0.3%) 
origfaces                6/65536         336/3670016  ( 0.0%) 
facebrushes              0/0               0/0        ( 0.0%) 
facebrushlists         190/0             760/0        ( 0.0%) 
leaves                  75/65536        2400/2097152  ( 0.1%) 
leaffaces              190/65536         380/131072   ( 0.3%) 
leafbrushes             56/65536         112/131072   ( 0.1%) 
areas                    2/1024           16/8192     ( 0.2%) 
surfedges              832/512000       3328/2048000  ( 0.2%) 
edges                  429/256000       1716/1024000  ( 0.2%) 
LDR worldlights          0/8192            0/819200   ( 0.0%) 
HDR worldlights          0/8192            0/819200   ( 0.0%) 
leafwaterdata            0/32768           0/393216   ( 0.0%) 
waterstrips             12/32768         120/327680   ( 0.0%) 
waterverts               0/65536           0/786432   ( 0.0%) 
waterindices           144/65536         288/131072   ( 0.2%) 
cubemapsamples           0/1024            0/16384    ( 0.0%) 
overlays                 0/1024            0/360448   ( 0.0%) 
LDR lightdata         [variable]           0/0        ( 0.0%) 
HDR lightdata         [variable]      576824/0        ( 0.0%) 
visdata               [variable]         184/16777216 ( 0.0%) 
entdata               [variable]         352/393216   ( 0.1%) 
LDR ambient table       75/65536         300/262144   ( 0.1%) 
HDR ambient table       75/65536         300/262144   ( 0.1%) 
LDR leaf ambient        75/65536        2100/1835008  ( 0.1%) 
HDR leaf ambient        15/65536         420/1835008  ( 0.0%) 
occluders                0/0               0/0        ( 0.0%) 
occluder polygons        0/0               0/0        ( 0.0%) 
occluder vert ind        0/0               0/0        ( 0.0%) 
detail props          [variable]           1/12       ( 8.3%) 
static props          [variable]           1/12       ( 8.3%) 
pakfile               [variable]       74442/0        ( 0.0%) 
physics               [variable]        2279/4194304  ( 0.1%) 
physics terrain       [variable]           2/1048576  ( 0.0%) 

Level flags = 7e

Total triangle count: 428
Writing c:\users\fabex\documents\github\moritzmap\moritzhouse.bsp
MSG_FILEWRITE - Filesystem was asked to write to 'c:\users\fabex\documents\github\moritzmap\moritzhouse.bsp', but we don't own that location. Allowing...
0 seconds elapsed



materialPath: E:\Spiele\Steam\steamapps\common\Counter-Strike Global Offensive\csgo\materials
Loading c:\users\fabex\documents\github\moritzmap\moritzhouse.vmf
Map revision 10
fixing up env_cubemap materials on brush sides...
0...1...2...3...4...5...6...7...8...9...10**** leaked ****
Entity info_player_terrorist (-148.33 416.95 139.00) leaked!
Processing areas...done (0)
Building Faces...done (0)
FixTjuncs...
PruneNodes...
WriteBSP...
done (0)
Finding displacement neighbors...
Finding lightmap sample positions...
Displacement Alpha : 0...1...2...3...4...5...6...7...8...9...10
Building Physics collision data...
done (0) (578 bytes)
Placing detail props : 0...1...2...3...4...5...6...7...8...9...10
Compacting texture/material tables...
Reduced 3 texinfos to 3
Reduced 1 texdatas to 1 (24 bytes to 24)
Writing c:\users\fabex\documents\github\moritzmap\moritzhouse.bsp
MSG_FILEWRITE - Filesystem was asked to write to 'c:\users\fabex\documents\github\moritzmap\moritzhouse.bsp', but we don't own that location. Allowing...
0 seconds elapsed



8 threads
reading c:\users\fabex\documents\github\moritzmap\moritzhouse.bsp
reading c:\users\fabex\documents\github\moritzmap\moritzhouse.prt
LoadPortals: couldn't read c:\users\fabex\documents\github\moritzmap\moritzhouse.prt



materialPath: E:\Spiele\Steam\steamapps\common\Counter-Strike Global Offensive\csgo\materials
Loading c:\users\fabex\documents\github\moritzmap\moritzhouse.vmf
Map revision 11
fixing up env_cubemap materials on brush sides...
0...1...2...3...4...5...6...7...8...9...10**** leaked ****
Entity info_player_terrorist (-290.35 1186.00 513.00) leaked!
Processing areas...done (0)
Building Faces...done (0)
FixTjuncs...
PruneNodes...
WriteBSP...
done (0)
Finding displacement neighbors...
Finding lightmap sample positions...
Displacement Alpha : 0...1...2...3...4...5...6...7...8...9...10
Building Physics collision data...
done (0) (578 bytes)
Placing detail props : 0...1...2...3...4...5...6...7...8...9...10
Compacting texture/material tables...
Reduced 3 texinfos to 3
Reduced 1 texdatas to 1 (23 bytes to 23)
Writing c:\users\fabex\documents\github\moritzmap\moritzhouse.bsp
MSG_FILEWRITE - Filesystem was asked to write to 'c:\users\fabex\documents\github\moritzmap\moritzhouse.bsp', but we don't own that location. Allowing...
0 seconds elapsed



8 threads
reading c:\users\fabex\documents\github\moritzmap\moritzhouse.bsp
reading c:\users\fabex\documents\github\moritzmap\moritzhouse.prt
LoadPortals: couldn't read c:\users\fabex\documents\github\moritzmap\moritzhouse.prt



materialPath: E:\Spiele\Steam\steamapps\common\Counter-Strike Global Offensive\csgo\materials
Loading c:\users\fabex\documents\github\moritzmap\moritzhouse.vmf
Map revision 12
fixing up env_cubemap materials on brush sides...
0...1...2...3...4...5...6...7...8...9...100...1...2...3...4...5...6...7...8...9...10Processing areas...done (0)
Building Faces...done (0)
FixTjuncs...
PruneNodes...
WriteBSP...
done (0)
writing c:\users\fabex\documents\github\moritzmap\moritzhouse.prt...Building visibility clusters...
AutoVisClustering (threshold=-1) matched 0 leafs.
done (0)
Finding displacement neighbors...
Finding lightmap sample positions...
Displacement Alpha : 0...1...2...3...4...5...6...7...8...9...10
Building Physics collision data...
done (0) (2674 bytes)
Placing detail props : 0...1...2...3...4...5...6...7...8...9...10
Compacting texture/material tables...
Reduced 3 texinfos to 3
Reduced 1 texdatas to 1 (36 bytes to 36)
Writing c:\users\fabex\documents\github\moritzmap\moritzhouse.bsp
MSG_FILEWRITE - Filesystem was asked to write to 'c:\users\fabex\documents\github\moritzmap\moritzhouse.bsp', but we don't own that location. Allowing...
0 seconds elapsed



8 threads
reading c:\users\fabex\documents\github\moritzmap\moritzhouse.bsp
reading c:\users\fabex\documents\github\moritzmap\moritzhouse.prt
  47 portalclusters
  80 numportals
0...1...2...3...4...5...6...7...8...9...100...1...2...3...4...5...6...7...8...9...10Optimized: 0 visible clusters (0.00%)
Total clusters visible: 2209
Average clusters visible: 47
Building PAS...
Average clusters audible: 47
visdatasize:944  compressed from 752
writing c:\users\fabex\documents\github\moritzmap\moritzhouse.bsp
MSG_FILEWRITE - Filesystem was asked to write to 'c:\users\fabex\documents\github\moritzmap\moritzhouse.bsp', but we don't own that location. Allowing...
0 seconds elapsed



[Reading texlights from 'lights.rad']
[17 texlights parsed from 'lights.rad']

Loading c:\users\fabex\documents\github\moritzmap\moritzhouse.bsp
979 faces
859117 square feet [123712960.00 square inches]
0 Displacements
0 Square Feet [0.00 Square Inches]
979 patches before subdivision
70277 patches after subdivision
0 direct lights
0...1...2...3...4...5...6...7...8...9...100...1...2...3...4...5...6...7...8...9...10transfers 31149266, max 1091
transfer lists: 237.7 megs
0...1...2...3...4...5...6...7...8...9...10	Bounce #1 added RGB(0, 0, 0)
Build Patch/Sample Hash Table(s).....Done<0.0226 sec>
0...1...2...3...4...5...6...7...8...9...10FinalLightFace Done
0 of 0 (0% of) surface lights went in leaf ambient cubes.
0...1...2...3...4...5...6...7...8...9...10Writing leaf ambient...done
Ready to Finish

Object names       Objects/Maxobjs  Memory / Maxmem  Fullness 
------------       ---------------  ---------------  -------- 
models                   1/1024           48/49152    ( 0.1%) 
brushes                  7/8192           84/98304    ( 0.1%) 
brushsides              42/81920         336/655360   ( 0.1%) 
planes                  68/65536        1360/1310720  ( 0.1%) 
vertexes              1032/65536       12384/786432   ( 1.6%) 
nodes                  189/65536        6048/2097152  ( 0.3%) 
texinfos                 3/12288         216/884736   ( 0.0%) 
texdata                  1/4096           32/131072   ( 0.0%) 
dispinfos                0/0               0/0        ( 0.0%) 
disp_verts               0/0               0/0        ( 0.0%) 
disp_tris                0/0               0/0        ( 0.0%) 
disp_multiblend          0/0               0/0        ( 0.0%) 
disp_lmsamples           0/0               0/0        ( 0.0%) 
faces                  979/65536       54824/3670016  ( 1.5%) 
hdr faces              979/65536       54824/3670016  ( 1.5%) 
origfaces               10/65536         560/3670016  ( 0.0%) 
facebrushes              0/0               0/0        ( 0.0%) 
facebrushlists         979/0            3916/0        ( 0.0%) 
leaves                 191/65536        6112/2097152  ( 0.3%) 
leaffaces              985/65536        1970/131072   ( 1.5%) 
leafbrushes            124/65536         248/131072   ( 0.2%) 
areas                    2/1024           16/8192     ( 0.2%) 
surfedges             4016/512000      16064/2048000  ( 0.8%) 
edges                 2024/256000       8096/1024000  ( 0.8%) 
LDR worldlights          0/8192            0/819200   ( 0.0%) 
HDR worldlights          0/8192            0/819200   ( 0.0%) 
leafwaterdata            0/32768           0/393216   ( 0.0%) 
waterstrips              0/32768           0/327680   ( 0.0%) 
waterverts               0/65536           0/786432   ( 0.0%) 
waterindices             0/65536           0/131072   ( 0.0%) 
cubemapsamples           0/1024            0/16384    ( 0.0%) 
overlays                 0/1024            0/360448   ( 0.0%) 
LDR lightdata         [variable]           0/0        ( 0.0%) 
HDR lightdata         [variable]    10952236/0        ( 0.0%) 
visdata               [variable]         944/16777216 ( 0.0%) 
entdata               [variable]         357/393216   ( 0.1%) 
LDR ambient table      191/65536         764/262144   ( 0.3%) 
HDR ambient table      191/65536         764/262144   ( 0.3%) 
LDR leaf ambient       191/65536        5348/1835008  ( 0.3%) 
HDR leaf ambient        47/65536        1316/1835008  ( 0.1%) 
occluders                0/0               0/0        ( 0.0%) 
occluder polygons        0/0               0/0        ( 0.0%) 
occluder vert ind        0/0               0/0        ( 0.0%) 
detail props          [variable]           1/12       ( 8.3%) 
static props          [variable]           1/12       ( 8.3%) 
pakfile               [variable]       74442/0        ( 0.0%) 
physics               [variable]        2674/4194304  ( 0.1%) 
physics terrain       [variable]           2/1048576  ( 0.0%) 

Level flags = 7e

Total triangle count: 2018
Writing c:\users\fabex\documents\github\moritzmap\moritzhouse.bsp
MSG_FILEWRITE - Filesystem was asked to write to 'c:\users\fabex\documents\github\moritzmap\moritzhouse.bsp', but we don't own that location. Allowing...
2 seconds elapsed



materialPath: E:\Spiele\Steam\steamapps\common\Counter-Strike Global Offensive\csgo\materials
Loading c:\users\fabex\documents\github\moritzmap\moritzhouse.vmf
Map revision 12
fixing up env_cubemap materials on brush sides...
0...1...2...3...4...5...6...7...8...9...100...1...2...3...4...5...6...7...8...9...10Processing areas...done (0)
Building Faces...done (0)
FixTjuncs...
PruneNodes...
WriteBSP...
done (0)
writing c:\users\fabex\documents\github\moritzmap\moritzhouse.prt...Building visibility clusters...
AutoVisClustering (threshold=-1) matched 0 leafs.
done (0)
Finding displacement neighbors...
Finding lightmap sample positions...
Displacement Alpha : 0...1...2...3...4...5...6...7...8...9...10
Building Physics collision data...
done (0) (2674 bytes)
Placing detail props : 0...1...2...3...4...5...6...7...8...9...10
Compacting texture/material tables...
Reduced 3 texinfos to 3
Reduced 1 texdatas to 1 (36 bytes to 36)
Writing c:\users\fabex\documents\github\moritzmap\moritzhouse.bsp
MSG_FILEWRITE - Filesystem was asked to write to 'c:\users\fabex\documents\github\moritzmap\moritzhouse.bsp', but we don't own that location. Allowing...
0 seconds elapsed



8 threads
reading c:\users\fabex\documents\github\moritzmap\moritzhouse.bsp
reading c:\users\fabex\documents\github\moritzmap\moritzhouse.prt
  47 portalclusters
  80 numportals
0...1...2...3...4...5...6...7...8...9...100...1...2...3...4...5...6...7...8...9...10Optimized: 0 visible clusters (0.00%)
Total clusters visible: 2209
Average clusters visible: 47
Building PAS...
Average clusters audible: 47
visdatasize:944  compressed from 752
writing c:\users\fabex\documents\github\moritzmap\moritzhouse.bsp
MSG_FILEWRITE - Filesystem was asked to write to 'c:\users\fabex\documents\github\moritzmap\moritzhouse.bsp', but we don't own that location. Allowing...
0 seconds elapsed



[Reading texlights from 'lights.rad']
[17 texlights parsed from 'lights.rad']

Loading c:\users\fabex\documents\github\moritzmap\moritzhouse.bsp
979 faces
859117 square feet [123712960.00 square inches]
0 Displacements
0 Square Feet [0.00 Square Inches]
979 patches before subdivision
70277 patches after subdivision
0 direct lights
0...1...2...3...4...5...6...7...8...9...100...1...2...3...4...5...6...7...8...9...10transfers 31149266, max 1091
transfer lists: 237.7 megs
0...1...2...3...4...5...6...7...8...9...10	Bounce #1 added RGB(0, 0, 0)
Build Patch/Sample Hash Table(s).....Done<0.0223 sec>
0...1...2...3...4...5...6...7...8...9...10FinalLightFace Done
0 of 0 (0% of) surface lights went in leaf ambient cubes.
0...1...2...3...4...5...6...7...8...9...10Writing leaf ambient...done
Ready to Finish

Object names       Objects/Maxobjs  Memory / Maxmem  Fullness 
------------       ---------------  ---------------  -------- 
models                   1/1024           48/49152    ( 0.1%) 
brushes                  7/8192           84/98304    ( 0.1%) 
brushsides              42/81920         336/655360   ( 0.1%) 
planes                  68/65536        1360/1310720  ( 0.1%) 
vertexes              1032/65536       12384/786432   ( 1.6%) 
nodes                  189/65536        6048/2097152  ( 0.3%) 
texinfos                 3/12288         216/884736   ( 0.0%) 
texdata                  1/4096           32/131072   ( 0.0%) 
dispinfos                0/0               0/0        ( 0.0%) 
disp_verts               0/0               0/0        ( 0.0%) 
disp_tris                0/0               0/0        ( 0.0%) 
disp_multiblend          0/0               0/0        ( 0.0%) 
disp_lmsamples           0/0               0/0        ( 0.0%) 
faces                  979/65536       54824/3670016  ( 1.5%) 
hdr faces              979/65536       54824/3670016  ( 1.5%) 
origfaces               10/65536         560/3670016  ( 0.0%) 
facebrushes              0/0               0/0        ( 0.0%) 
facebrushlists         979/0            3916/0        ( 0.0%) 
leaves                 191/65536        6112/2097152  ( 0.3%) 
leaffaces              985/65536        1970/131072   ( 1.5%) 
leafbrushes            124/65536         248/131072   ( 0.2%) 
areas                    2/1024           16/8192     ( 0.2%) 
surfedges             4016/512000      16064/2048000  ( 0.8%) 
edges                 2024/256000       8096/1024000  ( 0.8%) 
LDR worldlights          0/8192            0/819200   ( 0.0%) 
HDR worldlights          0/8192            0/819200   ( 0.0%) 
leafwaterdata            0/32768           0/393216   ( 0.0%) 
waterstrips              0/32768           0/327680   ( 0.0%) 
waterverts               0/65536           0/786432   ( 0.0%) 
waterindices             0/65536           0/131072   ( 0.0%) 
cubemapsamples           0/1024            0/16384    ( 0.0%) 
overlays                 0/1024            0/360448   ( 0.0%) 
LDR lightdata         [variable]           0/0        ( 0.0%) 
HDR lightdata         [variable]    10952236/0        ( 0.0%) 
visdata               [variable]         944/16777216 ( 0.0%) 
entdata               [variable]         357/393216   ( 0.1%) 
LDR ambient table      191/65536         764/262144   ( 0.3%) 
HDR ambient table      191/65536         764/262144   ( 0.3%) 
LDR leaf ambient       191/65536        5348/1835008  ( 0.3%) 
HDR leaf ambient        47/65536        1316/1835008  ( 0.1%) 
occluders                0/0               0/0        ( 0.0%) 
occluder polygons        0/0               0/0        ( 0.0%) 
occluder vert ind        0/0               0/0        ( 0.0%) 
detail props          [variable]           1/12       ( 8.3%) 
static props          [variable]           1/12       ( 8.3%) 
pakfile               [variable]       74442/0        ( 0.0%) 
physics               [variable]        2674/4194304  ( 0.1%) 
physics terrain       [variable]           2/1048576  ( 0.0%) 

Level flags = 7e

Total triangle count: 2018
Writing c:\users\fabex\documents\github\moritzmap\moritzhouse.bsp
MSG_FILEWRITE - Filesystem was asked to write to 'c:\users\fabex\documents\github\moritzmap\moritzhouse.bsp', but we don't own that location. Allowing...
2 seconds elapsed



materialPath: E:\Spiele\Steam\steamapps\common\Counter-Strike Global Offensive\csgo\materials
Loading c:\users\fabex\documents\github\moritzmap\moritzhouse.vmf
Map revision 13
fixing up env_cubemap materials on brush sides...
0...1...2...3...4...5...6...7...8...9...100...1...2...3...4...5...6...7...8...9...10Processing areas...done (0)
Building Faces...done (0)
FixTjuncs...
PruneNodes...
WriteBSP...
done (0)
writing c:\users\fabex\documents\github\moritzmap\moritzhouse.prt...Building visibility clusters...
AutoVisClustering (threshold=-1) matched 0 leafs.
done (0)
Finding displacement neighbors...
Finding lightmap sample positions...
Displacement Alpha : 0...1...2...3...4...5...6...7...8...9...10
Building Physics collision data...
done (0) (2357 bytes)
Placing detail props : 0...1...2...3...4...5...6...7...8...9...10
Compacting texture/material tables...
Reduced 6 texinfos to 4
Reduced 2 texdatas to 2 (58 bytes to 58)
Writing c:\users\fabex\documents\github\moritzmap\moritzhouse.bsp
MSG_FILEWRITE - Filesystem was asked to write to 'c:\users\fabex\documents\github\moritzmap\moritzhouse.bsp', but we don't own that location. Allowing...
0 seconds elapsed



8 threads
reading c:\users\fabex\documents\github\moritzmap\moritzhouse.bsp
reading c:\users\fabex\documents\github\moritzmap\moritzhouse.prt
  45 portalclusters
  76 numportals
0...1...2...3...4...5...6...7...8...9...100...1...2...3...4...5...6...7...8...9...10Optimized: 0 visible clusters (0.00%)
Total clusters visible: 2025
Average clusters visible: 45
Building PAS...
Average clusters audible: 45
visdatasize:904  compressed from 720
writing c:\users\fabex\documents\github\moritzmap\moritzhouse.bsp
MSG_FILEWRITE - Filesystem was asked to write to 'c:\users\fabex\documents\github\moritzmap\moritzhouse.bsp', but we don't own that location. Allowing...
0 seconds elapsed



[Reading texlights from 'lights.rad']
[17 texlights parsed from 'lights.rad']

Loading c:\users\fabex\documents\github\moritzmap\moritzhouse.bsp
982 faces
849694 square feet [122355952.00 square inches]
0 Displacements
0 Square Feet [0.00 Square Inches]
982 patches before subdivision
68286 patches after subdivision
0 direct lights
0...1...2...3...4...5...6...7...8...9...100...1...2...3...4...5...6...7...8...9...10transfers 30419073, max 1095
transfer lists: 232.1 megs
0...1...2...3...4...5...6...7...8...9...10	Bounce #1 added RGB(0, 0, 0)
Build Patch/Sample Hash Table(s).....Done<0.0221 sec>
0...1...2...3...4...5...6...7...8...9...10FinalLightFace Done
0 of 0 (0% of) surface lights went in leaf ambient cubes.
0...1...2...3...4...5...6...7...8...9...10Writing leaf ambient...done
Ready to Finish

Object names       Objects/Maxobjs  Memory / Maxmem  Fullness 
------------       ---------------  ---------------  -------- 
models                   1/1024           48/49152    ( 0.1%) 
brushes                  7/8192           84/98304    ( 0.1%) 
brushsides              42/81920         336/655360   ( 0.1%) 
planes                  72/65536        1440/1310720  ( 0.1%) 
vertexes              1029/65536       12348/786432   ( 1.6%) 
nodes                  183/65536        5856/2097152  ( 0.3%) 
texinfos                 4/12288         288/884736   ( 0.0%) 
texdata                  2/4096           64/131072   ( 0.0%) 
dispinfos                0/0               0/0        ( 0.0%) 
disp_verts               0/0               0/0        ( 0.0%) 
disp_tris                0/0               0/0        ( 0.0%) 
disp_multiblend          0/0               0/0        ( 0.0%) 
disp_lmsamples           0/0               0/0        ( 0.0%) 
faces                  982/65536       54992/3670016  ( 1.5%) 
hdr faces              982/65536       54992/3670016  ( 1.5%) 
origfaces                6/65536         336/3670016  ( 0.0%) 
facebrushes              0/0               0/0        ( 0.0%) 
facebrushlists         982/0            3928/0        ( 0.0%) 
leaves                 185/65536        5920/2097152  ( 0.3%) 
leaffaces              982/65536        1964/131072   ( 1.5%) 
leafbrushes            118/65536         236/131072   ( 0.2%) 
areas                    2/1024           16/8192     ( 0.2%) 
surfedges             4000/512000      16000/2048000  ( 0.8%) 
edges                 2013/256000       8052/1024000  ( 0.8%) 
LDR worldlights          0/8192            0/819200   ( 0.0%) 
HDR worldlights          0/8192            0/819200   ( 0.0%) 
leafwaterdata            0/32768           0/393216   ( 0.0%) 
waterstrips              0/32768           0/327680   ( 0.0%) 
waterverts               0/65536           0/786432   ( 0.0%) 
waterindices             0/65536           0/131072   ( 0.0%) 
cubemapsamples           0/1024            0/16384    ( 0.0%) 
overlays                 0/1024            0/360448   ( 0.0%) 
LDR lightdata         [variable]           0/0        ( 0.0%) 
HDR lightdata         [variable]    10852608/0        ( 0.0%) 
visdata               [variable]         904/16777216 ( 0.0%) 
entdata               [variable]         359/393216   ( 0.1%) 
LDR ambient table      185/65536         740/262144   ( 0.3%) 
HDR ambient table      185/65536         740/262144   ( 0.3%) 
LDR leaf ambient       185/65536        5180/1835008  ( 0.3%) 
HDR leaf ambient        45/65536        1260/1835008  ( 0.1%) 
occluders                0/0               0/0        ( 0.0%) 
occluder polygons        0/0               0/0        ( 0.0%) 
occluder vert ind        0/0               0/0        ( 0.0%) 
detail props          [variable]           1/12       ( 8.3%) 
static props          [variable]           1/12       ( 8.3%) 
pakfile               [variable]       74442/0        ( 0.0%) 
physics               [variable]        2357/4194304  ( 0.1%) 
physics terrain       [variable]           2/1048576  ( 0.0%) 

Level flags = 7e

Total triangle count: 2012
Writing c:\users\fabex\documents\github\moritzmap\moritzhouse.bsp
MSG_FILEWRITE - Filesystem was asked to write to 'c:\users\fabex\documents\github\moritzmap\moritzhouse.bsp', but we don't own that location. Allowing...
2 seconds elapsed



materialPath: E:\Spiele\Steam\steamapps\common\Counter-Strike Global Offensive\csgo\materials
Loading c:\users\fabex\documents\github\moritzmap\moritzhouse.vmf
Map revision 14
fixing up env_cubemap materials on brush sides...
0...1...2...3...4...5...6...7...8...9...100...1...2...3...4...5...6...7...8...9...10Processing areas...done (0)
Building Faces...done (0)
FixTjuncs...
PruneNodes...
WriteBSP...
done (0)
writing c:\users\fabex\documents\github\moritzmap\moritzhouse.prt...Building visibility clusters...
AutoVisClustering (threshold=-1) matched 0 leafs.
done (0)
Finding displacement neighbors...
Finding lightmap sample positions...
Displacement Alpha : 0...1...2...3...4...5...6...7...8...9...10
Building Physics collision data...
done (0) (2282 bytes)
Placing detail props : 0...1...2...3...4...5...6...7...8...9...10
Compacting texture/material tables...
Reduced 3 texinfos to 3
Reduced 1 texdatas to 1 (36 bytes to 36)
Writing c:\users\fabex\documents\github\moritzmap\moritzhouse.bsp
MSG_FILEWRITE - Filesystem was asked to write to 'c:\users\fabex\documents\github\moritzmap\moritzhouse.bsp', but we don't own that location. Allowing...
0 seconds elapsed



8 threads
reading c:\users\fabex\documents\github\moritzmap\moritzhouse.bsp
reading c:\users\fabex\documents\github\moritzmap\moritzhouse.prt
  15 portalclusters
  22 numportals
0...1...2...3...4...5...6...7...8...9...100...1...2...3...4...5...6...7...8...9...10Optimized: 0 visible clusters (0.00%)
Total clusters visible: 225
Average clusters visible: 15
Building PAS...
Average clusters audible: 15
visdatasize:184  compressed from 240
writing c:\users\fabex\documents\github\moritzmap\moritzhouse.bsp
MSG_FILEWRITE - Filesystem was asked to write to 'c:\users\fabex\documents\github\moritzmap\moritzhouse.bsp', but we don't own that location. Allowing...
0 seconds elapsed



[Reading texlights from 'lights.rad']
[17 texlights parsed from 'lights.rad']

Loading c:\users\fabex\documents\github\moritzmap\moritzhouse.bsp
358 faces
361576 square feet [52066948.00 square inches]
0 Displacements
0 Square Feet [0.00 Square Inches]
358 patches before subdivision
28918 patches after subdivision
0 direct lights
0...1...2...3...4...5...6...7...8...9...100...1...2...3...4...5...6...7...8...9...10transfers 5945077, max 519
transfer lists:  45.4 megs
0...1...2...3...4...5...6...7...8...9...10	Bounce #1 added RGB(0, 0, 0)
Build Patch/Sample Hash Table(s).....Done<0.0091 sec>
0...1...2...3...4...5...6...7...8...9...10FinalLightFace Done
0 of 0 (0% of) surface lights went in leaf ambient cubes.
0...1...2...3...4...5...6...7...8...9...10Writing leaf ambient...done
Ready to Finish

Object names       Objects/Maxobjs  Memory / Maxmem  Fullness 
------------       ---------------  ---------------  -------- 
models                   1/1024           48/49152    ( 0.1%) 
brushes                  6/8192           72/98304    ( 0.1%) 
brushsides              36/81920         288/655360   ( 0.0%) 
planes                  48/65536         960/1310720  ( 0.1%) 
vertexes               385/65536        4620/786432   ( 0.6%) 
nodes                   72/65536        2304/2097152  ( 0.1%) 
texinfos                 3/12288         216/884736   ( 0.0%) 
texdata                  1/4096           32/131072   ( 0.0%) 
dispinfos                0/0               0/0        ( 0.0%) 
disp_verts               0/0               0/0        ( 0.0%) 
disp_tris                0/0               0/0        ( 0.0%) 
disp_multiblend          0/0               0/0        ( 0.0%) 
disp_lmsamples           0/0               0/0        ( 0.0%) 
faces                  358/65536       20048/3670016  ( 0.5%) 
hdr faces              358/65536       20048/3670016  ( 0.5%) 
origfaces                6/65536         336/3670016  ( 0.0%) 
facebrushes              0/0               0/0        ( 0.0%) 
facebrushlists         358/0            1432/0        ( 0.0%) 
leaves                  74/65536        2368/2097152  ( 0.1%) 
leaffaces              358/65536         716/131072   ( 0.5%) 
leafbrushes             46/65536          92/131072   ( 0.1%) 
areas                    2/1024           16/8192     ( 0.2%) 
surfedges             1472/512000       5888/2048000  ( 0.3%) 
edges                  749/256000       2996/1024000  ( 0.3%) 
LDR worldlights          0/8192            0/819200   ( 0.0%) 
HDR worldlights          0/8192            0/819200   ( 0.0%) 
leafwaterdata            0/32768           0/393216   ( 0.0%) 
waterstrips              0/32768           0/327680   ( 0.0%) 
waterverts               0/65536           0/786432   ( 0.0%) 
waterindices             0/65536           0/131072   ( 0.0%) 
cubemapsamples           0/1024            0/16384    ( 0.0%) 
overlays                 0/1024            0/360448   ( 0.0%) 
LDR lightdata         [variable]           0/0        ( 0.0%) 
HDR lightdata         [variable]     4620712/0        ( 0.0%) 
visdata               [variable]         184/16777216 ( 0.0%) 
entdata               [variable]         353/393216   ( 0.1%) 
LDR ambient table       74/65536         296/262144   ( 0.1%) 
HDR ambient table       74/65536         296/262144   ( 0.1%) 
LDR leaf ambient        74/65536        2072/1835008  ( 0.1%) 
HDR leaf ambient        15/65536         420/1835008  ( 0.0%) 
occluders                0/0               0/0        ( 0.0%) 
occluder polygons        0/0               0/0        ( 0.0%) 
occluder vert ind        0/0               0/0        ( 0.0%) 
detail props          [variable]           1/12       ( 8.3%) 
static props          [variable]           1/12       ( 8.3%) 
pakfile               [variable]       74442/0        ( 0.0%) 
physics               [variable]        2282/4194304  ( 0.1%) 
physics terrain       [variable]           2/1048576  ( 0.0%) 

Level flags = 7e

Total triangle count: 732
Writing c:\users\fabex\documents\github\moritzmap\moritzhouse.bsp
MSG_FILEWRITE - Filesystem was asked to write to 'c:\users\fabex\documents\github\moritzmap\moritzhouse.bsp', but we don't own that location. Allowing...
0 seconds elapsed



materialPath: E:\Spiele\Steam\steamapps\common\Counter-Strike Global Offensive\csgo\materials
Loading c:\users\fabex\documents\github\moritzmap\moritzhouse.vmf
Map revision 15
Can't find surfaceprop stone for material DE_CBBLE/STONE_ALT/BRICK_C_BOTTOM, using default
fixing up env_cubemap materials on brush sides...
0...1...2...3...4...5...6...7...8...9...100...1...2...3...4...5...6...7...8...9...10Processing areas...done (0)
Building Faces...done (0)
FixTjuncs...
PruneNodes...
WriteBSP...
done (0)
writing c:\users\fabex\documents\github\moritzmap\moritzhouse.prt...Building visibility clusters...
AutoVisClustering (threshold=-1) matched 0 leafs.
done (0)
Finding displacement neighbors...
Finding lightmap sample positions...
Displacement Alpha : 0...1...2...3...4...5...6...7...8...9...10
Building Physics collision data...
done (0) (2688 bytes)
Placing detail props : 0...1...2...3...4...5...6...7...8...9...10
Compacting texture/material tables...
Reduced 6 texinfos to 6
Reduced 2 texdatas to 2 (70 bytes to 70)
Writing c:\users\fabex\documents\github\moritzmap\moritzhouse.bsp
MSG_FILEWRITE - Filesystem was asked to write to 'c:\users\fabex\documents\github\moritzmap\moritzhouse.bsp', but we don't own that location. Allowing...
0 seconds elapsed



8 threads
reading c:\users\fabex\documents\github\moritzmap\moritzhouse.bsp
reading c:\users\fabex\documents\github\moritzmap\moritzhouse.prt
  21 portalclusters
  41 numportals
0...1...2...3...4...5...6...7...8...9...100...1...2...3...4...5...6...7...8...9...10Optimized: 0 visible clusters (0.00%)
Total clusters visible: 441
Average clusters visible: 21
Building PAS...
Average clusters audible: 21
visdatasize:298  compressed from 336
writing c:\users\fabex\documents\github\moritzmap\moritzhouse.bsp
MSG_FILEWRITE - Filesystem was asked to write to 'c:\users\fabex\documents\github\moritzmap\moritzhouse.bsp', but we don't own that location. Allowing...
0 seconds elapsed



[Reading texlights from 'lights.rad']
[17 texlights parsed from 'lights.rad']

Loading c:\users\fabex\documents\github\moritzmap\moritzhouse.bsp
390 faces
381425 square feet [54925204.00 square inches]
0 Displacements
0 Square Feet [0.00 Square Inches]
390 patches before subdivision
31130 patches after subdivision
0 direct lights
0...1...2...3...4...5...6...7...8...9...100...1...2...3...4...5...6...7...8...9...10transfers 6198883, max 525
transfer lists:  47.3 megs
0...1...2...3...4...5...6...7...8...9...10	Bounce #1 added RGB(0, 0, 0)
Build Patch/Sample Hash Table(s).....Done<0.0096 sec>
0...1...2...3...4...5...6...7...8...9...10FinalLightFace Done
0 of 0 (0% of) surface lights went in leaf ambient cubes.
0...1...2...3...4...5...6...7...8...9...10Writing leaf ambient...done
Ready to Finish

Object names       Objects/Maxobjs  Memory / Maxmem  Fullness 
------------       ---------------  ---------------  -------- 
models                   1/1024           48/49152    ( 0.1%) 
brushes                  7/8192           84/98304    ( 0.1%) 
brushsides              42/81920         336/655360   ( 0.1%) 
planes                  58/65536        1160/1310720  ( 0.1%) 
vertexes               431/65536        5172/786432   ( 0.7%) 
nodes                   82/65536        2624/2097152  ( 0.1%) 
texinfos                 6/12288         432/884736   ( 0.0%) 
texdata                  2/4096           64/131072   ( 0.0%) 
dispinfos                0/0               0/0        ( 0.0%) 
disp_verts               0/0               0/0        ( 0.0%) 
disp_tris                0/0               0/0        ( 0.0%) 
disp_multiblend          0/0               0/0        ( 0.0%) 
disp_lmsamples           0/0               0/0        ( 0.0%) 
faces                  390/65536       21840/3670016  ( 0.6%) 
hdr faces              390/65536       21840/3670016  ( 0.6%) 
origfaces               11/65536         616/3670016  ( 0.0%) 
facebrushes              0/0               0/0        ( 0.0%) 
facebrushlists         390/0            1560/0        ( 0.0%) 
leaves                  84/65536        2688/2097152  ( 0.1%) 
leaffaces              403/65536         806/131072   ( 0.6%) 
leafbrushes             50/65536         100/131072   ( 0.1%) 
areas                    2/1024           16/8192     ( 0.2%) 
surfedges             1640/512000       6560/2048000  ( 0.3%) 
edges                  835/256000       3340/1024000  ( 0.3%) 
LDR worldlights          0/8192            0/819200   ( 0.0%) 
HDR worldlights          0/8192            0/819200   ( 0.0%) 
leafwaterdata            0/32768           0/393216   ( 0.0%) 
waterstrips              0/32768           0/327680   ( 0.0%) 
waterverts               0/65536           0/786432   ( 0.0%) 
waterindices             0/65536           0/131072   ( 0.0%) 
cubemapsamples           0/1024            0/16384    ( 0.0%) 
overlays                 0/1024            0/360448   ( 0.0%) 
LDR lightdata         [variable]           0/0        ( 0.0%) 
HDR lightdata         [variable]     4871320/0        ( 0.0%) 
visdata               [variable]         298/16777216 ( 0.0%) 
entdata               [variable]         353/393216   ( 0.1%) 
LDR ambient table       84/65536         336/262144   ( 0.1%) 
HDR ambient table       84/65536         336/262144   ( 0.1%) 
LDR leaf ambient        84/65536        2352/1835008  ( 0.1%) 
HDR leaf ambient        21/65536         588/1835008  ( 0.0%) 
occluders                0/0               0/0        ( 0.0%) 
occluder polygons        0/0               0/0        ( 0.0%) 
occluder vert ind        0/0               0/0        ( 0.0%) 
detail props          [variable]           1/12       ( 8.3%) 
static props          [variable]           1/12       ( 8.3%) 
pakfile               [variable]       74442/0        ( 0.0%) 
physics               [variable]        2688/4194304  ( 0.1%) 
physics terrain       [variable]           2/1048576  ( 0.0%) 

Level flags = 7e

Total triangle count: 816
Writing c:\users\fabex\documents\github\moritzmap\moritzhouse.bsp
MSG_FILEWRITE - Filesystem was asked to write to 'c:\users\fabex\documents\github\moritzmap\moritzhouse.bsp', but we don't own that location. Allowing...
0 seconds elapsed
