PRT1
21
41
4 0 2 (669.830994 -1024 3520 ) (0 -1024 3520 ) (0 -1024 66 ) (669.830994 -1024 66 ) 
4 0 1 (0 -1024 66 ) (0 -1024 3520 ) (0 -608 3520 ) (0 -608 66 ) 
4 1 7 (-1024 -1024 704 ) (-1024 -1024 3520 ) (-1024 -960 3520 ) (-1024 -960 704 ) 
4 1 6 (-1024 -960 3520 ) (-1024 -608 3520 ) (-1024 -608 66 ) (-1024 -960 66 ) 
4 1 3 (0 -1024 66 ) (0 -1024 3520 ) (-1024 -1024 3520 ) (-1024 -1024 66 ) 
4 2 4 (669.830994 -2048 3520 ) (0 -2048 3520 ) (0 -2048 66 ) (669.830994 -2048 66 ) 
4 2 3 (0 -1024 3520 ) (0 -1024 66 ) (0 -2048 66 ) (0 -2048 3520 ) 
4 3 13 (-1024 -2048 66 ) (-1024 -2048 704 ) (-1024 -1728 704 ) (-1024 -1728 66 ) 
4 3 12 (-1024 -2048 704 ) (-1024 -2048 3520 ) (-1024 -1024 3520 ) (-1024 -1024 704 ) 
4 3 5 (-1024 -2048 3520 ) (-1024 -2048 66 ) (0 -2048 66 ) (0 -2048 3520 ) 
4 4 5 (0 -2048 3520 ) (0 -2048 66 ) (0 -2272 66 ) (0 -2272 3520 ) 
4 5 17 (-1024 -2272 3520 ) (-1024 -2048 3520 ) (-1024 -2048 66 ) (-1024 -2272 66 ) 
4 6 8 (-2048 -960 3520 ) (-2048 -608 3520 ) (-2048 -608 66 ) (-2048 -960 66 ) 
4 6 7 (-1024 -960 704 ) (-1024 -960 3520 ) (-2048 -960 3520 ) (-2048 -960 704 ) 
4 7 12 (-1024 -1024 704 ) (-1024 -1024 3520 ) (-2048 -1024 3520 ) (-2048 -1024 704 ) 
4 7 9 (-2048 -1024 704 ) (-2048 -1024 3520 ) (-2048 -960 3520 ) (-2048 -960 704 ) 
4 8 11 (-3072 -960 3520 ) (-3072 -608 3520 ) (-3072 -608 66 ) (-3072 -960 66 ) 
4 8 9 (-2048 -960 704 ) (-2048 -960 3520 ) (-2496 -960 3520 ) (-2496 -960 704 ) 
4 8 10 (-3072 -960 66 ) (-2496 -960 66 ) (-2496 -960 3520 ) (-3072 -960 3520 ) 
4 9 14 (-2048 -1024 704 ) (-2048 -1024 3520 ) (-2496 -1024 3520 ) (-2496 -1024 704 ) 
4 9 10 (-2496 -960 3520 ) (-2496 -960 704 ) (-2496 -1024 704 ) (-2496 -1024 3520 ) 
4 10 16 (-3072 -1024 704 ) (-3072 -1024 66 ) (-2496 -1024 66 ) (-2496 -1024 704 ) 
4 10 14 (-2496 -1024 3520 ) (-3072 -1024 3520 ) (-3072 -1024 704 ) (-2496 -1024 704 ) 
4 10 11 (-3072 -1024 66 ) (-3072 -1024 3520 ) (-3072 -960 3520 ) (-3072 -960 66 ) 
4 11 19 (-3072 -1024 66 ) (-3072 -1024 3520 ) (-3293.830078 -1024 3520 ) (-3293.830078 -1024 66 ) 
4 12 17 (-1024 -2048 704 ) (-1024 -2048 3520 ) (-2048 -2048 3520 ) (-2048 -2048 704 ) 
4 12 14 (-2048 -1024 3520 ) (-2048 -1024 704 ) (-2048 -2048 704 ) (-2048 -2048 3520 ) 
4 12 13 (-2048 -2048 704 ) (-2048 -1728 704 ) (-1024 -1728 704 ) (-1024 -2048 704 ) 
4 13 17 (-1024 -2048 66 ) (-1024 -2048 704 ) (-2048 -2048 704 ) (-2048 -2048 66 ) 
4 13 15 (-2048 -1728 66 ) (-2048 -2048 66 ) (-2048 -2048 704 ) (-2048 -1728 704 ) 
4 14 19 (-3072 -1024 3520 ) (-3072 -1024 704 ) (-3072 -2048 704 ) (-3072 -2048 3520 ) 
4 14 18 (-2048 -2048 704 ) (-2048 -2048 3520 ) (-3072 -2048 3520 ) (-3072 -2048 704 ) 
4 14 15 (-2048 -2048 704 ) (-2496 -2048 704 ) (-2496 -1728 704 ) (-2048 -1728 704 ) 
4 14 16 (-2496 -2048 704 ) (-3072 -2048 704 ) (-3072 -1024 704 ) (-2496 -1024 704 ) 
4 15 18 (-2048 -2048 66 ) (-2048 -2048 704 ) (-2496 -2048 704 ) (-2496 -2048 66 ) 
4 15 16 (-2496 -1728 66 ) (-2496 -2048 66 ) (-2496 -2048 704 ) (-2496 -1728 704 ) 
4 16 19 (-3072 -1024 704 ) (-3072 -1024 66 ) (-3072 -2048 66 ) (-3072 -2048 704 ) 
4 16 18 (-2496 -2048 704 ) (-3072 -2048 704 ) (-3072 -2048 66 ) (-2496 -2048 66 ) 
4 17 18 (-2048 -2272 3520 ) (-2048 -2048 3520 ) (-2048 -2048 66 ) (-2048 -2272 66 ) 
4 18 20 (-3072 -2272 3520 ) (-3072 -2048 3520 ) (-3072 -2048 66 ) (-3072 -2272 66 ) 
4 19 20 (-3072 -2048 66 ) (-3072 -2048 3520 ) (-3293.830078 -2048 3520 ) (-3293.830078 -2048 66 ) 
